<?xml version="1.0" encoding="UTF-8"?>
<!-- Generated by org.testng.reporters.JUnitReportReporter -->
<testsuite skipped="0" hostname="DESKTOP-QBMTDTM" name="com.adaptavist.test.TestClass" tests="1" failures="0" timestamp="27 Apr 2019 01:18:42 GMT" time="47.900" errors="0">
  <testcase name="test" time="47.900" classname="com.adaptavist.test.TestClass"/>
</testsuite> <!-- com.adaptavist.test.TestClass -->
