<?xml version="1.0" encoding="UTF-8"?>
<!-- Generated by org.testng.reporters.JUnitReportReporter -->
<testsuite skipped="0" hostname="DESKTOP-QBMTDTM" name="com.adaptavist.runner.TestRunner" tests="1" failures="0" timestamp="28 Apr 2019 06:51:25 GMT" time="28.232" errors="0">
  <testcase name="test" time="28.232" classname="com.adaptavist.runner.TestRunner"/>
</testsuite> <!-- com.adaptavist.runner.TestRunner -->
